Mar 26 04:44:18  [info] -- (::1) op.Login.php 
Mar 26 04:44:18  [info] Authentication service 'db'
Mar 26 04:44:18  [info] Authentication service 'db': Authentication of user 'admin' successful.
Mar 26 04:45:07  [info] admin (::1) op.AddFile.php add file '741496_v9_bb.jpg' to document 1
Mar 26 04:45:07  [info] Conversion from image/jpeg to image/png with gd image service took 0.034605979919434 sec.
Mar 26 05:29:56  [info] -- (::1) op.Login.php 
Mar 26 05:29:56  [info] Authentication service 'db'
Mar 26 05:29:56  [info] Authentication service 'db': Authentication of user 'admin' successful.
Mar 26 05:30:58  [info] -- (::1) op.Login.php 
Mar 26 05:30:58  [info] Authentication service 'db'
Mar 26 05:30:58  [info] Authentication service 'db': Authentication of user 'admin' successful.
Mar 26 05:37:04  [info] admin (::1) op.ViewOnline.php?documentid=1&file=1 
Mar 26 05:37:11  [info] admin (::1) op.ViewOnline.php?documentid=1&version=1 
Mar 26 05:37:22  [error] admin (::1) op.ViewOnline.php?documentid=1&version=2  UI::exitError error=Invalid Document Version pagetitle=Document 'qr.png'
Mar 26 05:44:02  [info] admin (::1) op.SubstituteUser.php?userid=2&formtoken=98eaf3962597b10be123f3607d1cf128 ?userid=2
Mar 26 05:44:09  [info] guest (::1) op.ResetSu.php 
Mar 26 05:45:26  [info] admin (::1) op.UsrMgr.php .php&action=adduser&login=user@seeddms.co.in
Mar 26 05:45:51  [info] -- (::1) op.Login.php 
Mar 26 05:45:51  [info] Authentication service 'db'
Mar 26 05:45:51  [info] Authentication service 'db': Authentication of user 'user@seeddms.co.in' successful.
Mar 26 06:26:50  [info] -- (::1) op.Login.php 
Mar 26 06:26:50  [info] Authentication service 'db'
Mar 26 06:26:50  [info] Authentication service 'db': Authentication of user 'admin' successful.
Mar 26 06:29:08  [info] -- (::1) op.Login.php 
Mar 26 06:29:08  [info] Authentication service 'db'
Mar 26 06:29:08  [info] Authentication service 'db': Authentication of user 'user@seeddms.co.in' successful.
Mar 26 07:00:54  [info] user@seeddms.co.in (::1) op.AddDocument.php add document 2 in folder 1
Mar 26 07:04:03  [info] user@seeddms.co.in (::1) op.ViewOnline.php?documentid=2&version=1 
